#
# There is insufficient memory for the Java Runtime Environment to continue.
# Native memory allocation (mmap) failed to map 117440512 bytes for Failed to commit area from 0x0000000090a00000 to 0x0000000097a00000 of length 117440512.
# Possible reasons:
#   The system is out of physical RAM or swap space
#   The process is running with CompressedOops enabled, and the Java Heap may be blocking the growth of the native heap
# Possible solutions:
#   Reduce memory load on the system
#   Increase physical memory or swap space
#   Check if swap backing store is full
#   Decrease Java heap size (-Xmx/-Xms)
#   Decrease number of Java threads
#   Decrease Java thread stack sizes (-Xss)
#   Set larger code cache with -XX:ReservedCodeCacheSize=
# This output file may be truncated or incomplete.
#
#  Out of Memory Error (c:/BuildAgent/work/5ff2f6c26000d570/src/hotspot/os/windows/os_windows.cpp:3281), pid=13528, tid=25068
#
# JRE version:  (11.0.4+10) (build )
# Java VM: OpenJDK 64-Bit Server VM (11.0.4+10-b304.69, mixed mode, aot, sharing, tiered, compressed oops, g1 gc, windows-amd64)
# No core dump will be written. Minidumps are not enabled by default on client versions of Windows
#

---------------  S U M M A R Y ------------

Command Line: com.intellij.util.ReadEnv C:\Users\증yx\AppData\Local\Temp\intellij-cmd-env.1.tmp

Host: AMD Ryzen 5 2500U with Radeon Vega Mobile Gfx  , 8 cores, 6G,  Windows 10 , 64 bit Build 17134 (10.0.17134.753)
Time: Sat Oct  5 08:02:00 2019 ?D1㉡÷㉩≠?㉩÷?? elapsed time: 0 seconds (0d 0h 0m 0s)

---------------  T H R E A D  ---------------

Current thread (0x000001b2679d6000):  JavaThread "Unknown thread" [_thread_in_vm, id=25068, stack(0x0000008f69300000,0x0000008f69400000)]

Stack: [0x0000008f69300000,0x0000008f69400000]
Native frames: (J=compiled Java code, j=interpreted, Vv=VM code, C=native code)
V  [jvm.dll+0x5db31a]
V  [jvm.dll+0x70c395]
V  [jvm.dll+0x70d8b8]
V  [jvm.dll+0x70df83]
V  [jvm.dll+0x23dbb8]
V  [jvm.dll+0x5d8a74]
V  [jvm.dll+0x5cdb05]
V  [jvm.dll+0x2fa5bb]
V  [jvm.dll+0x2fa52a]
V  [jvm.dll+0x2fa402]
V  [jvm.dll+0x2ff2c6]
V  [jvm.dll+0x347893]
V  [jvm.dll+0x347f96]
V  [jvm.dll+0x347993]
V  [jvm.dll+0x2d4e28]
V  [jvm.dll+0x2d5fd7]
V  [jvm.dll+0x6eb717]
V  [jvm.dll+0x6ecf0c]
V  [jvm.dll+0x354fb9]
V  [jvm.dll+0x6d35be]
V  [jvm.dll+0x3bd673]
V  [jvm.dll+0x3bf9f1]
C  [java.exe+0x3763]
C  [java.exe+0x17a0c]
C  [KERNEL32.DLL+0x14034]
C  [ntdll.dll+0x73691]


---------------  P R O C E S S  ---------------

Threads class SMR info:
_java_thread_list=0x000001b265836380, length=0, elements={
}

Java Threads: ( => current thread )

Other Threads:
  0x000001b2679ec000 GCTaskThread "GC Thread#0" [stack: 0x0000008f69400000,0x0000008f69500000] [id=20596]
  0x000001b267a1a000 ConcurrentGCThread "G1 Main Marker" [stack: 0x0000008f69500000,0x0000008f69600000] [id=22584]
  0x000001b267a1b800 ConcurrentGCThread "G1 Conc#0" [stack: 0x0000008f69600000,0x0000008f69700000] [id=25940]

[error occurred during error reporting (printing all threads), id 0xc0000005, EXCEPTION_ACCESS_VIOLATION (0xc0000005) at pc=0x00007ffbe7395727]

VM state:not at safepoint (not fully initialized)

VM Mutex/Monitor currently owned by a thread:  ([mutex/lock_event])
[0x000001b2679d2b00] Heap_lock - owner thread: 0x000001b2679d6000

Heap address: 0x0000000090a00000, size: 1782 MB, Compressed Oops mode: Non-zero based: 0x0000000090a00000
Narrow klass base: 0x0000000000000000, Narrow klass shift: 0

GC Heap History (0 events):
No events

Deoptimization events (0 events):
No events

Classes redefined (0 events):
No events

Internal exceptions (0 events):
No events

Events (0 events):
No events


Dynamic libraries:
0x00007ff728e40000 - 0x00007ff728e87000 	E:\Program Files\JetBrains\PyCharm 2019.2\jbr\bin\java.exe
0x00007ffc32150000 - 0x00007ffc32331000 	C:\WINDOWS\SYSTEM32\ntdll.dll
0x00007ffc31a40000 - 0x00007ffc31af1000 	C:\WINDOWS\System32\KERNEL32.DLL
0x00007ffc2e7b0000 - 0x00007ffc2ea23000 	C:\WINDOWS\System32\KERNELBASE.dll
0x00007ffc31e90000 - 0x00007ffc32020000 	C:\WINDOWS\System32\USER32.dll
0x00007ffc2ead0000 - 0x00007ffc2eaf0000 	C:\WINDOWS\System32\win32u.dll
0x00007ffc31870000 - 0x00007ffc31898000 	C:\WINDOWS\System32\GDI32.dll
0x00007ffc2e510000 - 0x00007ffc2e6a1000 	C:\WINDOWS\System32\gdi32full.dll
0x00007ffc2ea30000 - 0x00007ffc2eacf000 	C:\WINDOWS\System32\msvcp_win.dll
0x00007ffc2f470000 - 0x00007ffc2f568000 	C:\WINDOWS\System32\ucrtbase.dll
0x00007ffc11d40000 - 0x00007ffc11fa9000 	C:\WINDOWS\WinSxS\amd64_microsoft.windows.common-controls_6595b64144ccf1df_6.0.17134.1006_none_d3fbb8f77c940c3f\COMCTL32.dll
0x00007ffc2f5d0000 - 0x00007ffc2f66e000 	C:\WINDOWS\System32\msvcrt.dll
0x00007ffc31b60000 - 0x00007ffc31e81000 	C:\WINDOWS\System32\combase.dll
0x00007ffc30ae0000 - 0x00007ffc30c04000 	C:\WINDOWS\System32\RPCRT4.dll
0x00007ffc2eaf0000 - 0x00007ffc2eb69000 	C:\WINDOWS\System32\bcryptPrimitives.dll
0x00007ffc31470000 - 0x00007ffc3149d000 	C:\WINDOWS\System32\IMM32.DLL
0x00007ffc1e660000 - 0x00007ffc1e677000 	E:\Program Files\JetBrains\PyCharm 2019.2\jbr\bin\vcruntime140.dll
0x00007ffbfa4a0000 - 0x00007ffbfa53d000 	E:\Program Files\JetBrains\PyCharm 2019.2\jbr\bin\msvcp140.dll
0x00007ffbe70b0000 - 0x00007ffbe7b68000 	E:\Program Files\JetBrains\PyCharm 2019.2\jbr\bin\server\jvm.dll
0x00007ffc316d0000 - 0x00007ffc31771000 	C:\WINDOWS\System32\ADVAPI32.dll
0x00007ffc31b00000 - 0x00007ffc31b5b000 	C:\WINDOWS\System32\sechost.dll
0x00007ffc316c0000 - 0x00007ffc316c8000 	C:\WINDOWS\System32\PSAPI.DLL
0x00007ffc2baf0000 - 0x00007ffc2bb13000 	C:\WINDOWS\SYSTEM32\WINMM.dll
0x00007ffc298a0000 - 0x00007ffc298aa000 	C:\WINDOWS\SYSTEM32\VERSION.dll
0x00007ffc103b0000 - 0x00007ffc103b9000 	C:\WINDOWS\SYSTEM32\WSOCK32.dll
0x00007ffc315d0000 - 0x00007ffc3163c000 	C:\WINDOWS\System32\WS2_32.dll
0x00007ffc2b4f0000 - 0x00007ffc2b51a000 	C:\WINDOWS\SYSTEM32\winmmbase.dll
0x00007ffc2e760000 - 0x00007ffc2e7a9000 	C:\WINDOWS\System32\cfgmgr32.dll
0x00007ffc2e4d0000 - 0x00007ffc2e4e1000 	C:\WINDOWS\System32\kernel.appcore.dll
0x00007ffc28e20000 - 0x00007ffc28e31000 	E:\Program Files\JetBrains\PyCharm 2019.2\jbr\bin\verify.dll
0x00007ffc2cd60000 - 0x00007ffc2cf29000 	C:\WINDOWS\SYSTEM32\DBGHELP.DLL
0x00007ffc24010000 - 0x00007ffc24039000 	C:\WINDOWS\SYSTEM32\dbgcore.DLL
0x00007ffc27850000 - 0x00007ffc27879000 	E:\Program Files\JetBrains\PyCharm 2019.2\jbr\bin\java.dll
0x00007ffc277b0000 - 0x00007ffc277c7000 	E:\Program Files\JetBrains\PyCharm 2019.2\jbr\bin\zip.dll
0x00007ffc2bd10000 - 0x00007ffc2bd1b000 	E:\Program Files\JetBrains\PyCharm 2019.2\jbr\bin\jimage.dll

dbghelp: loaded successfully - version: 4.0.5 - missing functions: none
symbol engine: initialized successfully - sym options: 0x614 - pdb path: .;E:\Program Files\JetBrains\PyCharm 2019.2\jbr\bin;C:\WINDOWS\SYSTEM32;C:\WINDOWS\WinSxS\amd64_microsoft.windows.common-controls_6595b64144ccf1df_6.0.17134.1006_none_d3fbb8f77c940c3f;E:\Program Files\JetBrains\PyCharm 2019.2\jbr\bin\server

VM Arguments:
java_command: com.intellij.util.ReadEnv C:\Users\증yx\AppData\Local\Temp\intellij-cmd-env.1.tmp
java_class_path (initial): E:\Program Files\JetBrains\PyCharm 2019.2\lib\util.jar
Launcher Type: SUN_STANDARD

[Global flags]
     intx CICompilerCount                          = 4                                         {product} {ergonomic}
     uint ConcGCThreads                            = 2                                         {product} {ergonomic}
     uint G1ConcRefinementThreads                  = 8                                         {product} {ergonomic}
   size_t G1HeapRegionSize                         = 1048576                                   {product} {ergonomic}
    uintx GCDrainStackTargetSize                   = 64                                        {product} {ergonomic}
   size_t InitialHeapSize                          = 117440512                                 {product} {ergonomic}
   size_t MarkStackSize                            = 4194304                                   {product} {ergonomic}
   size_t MaxHeapSize                              = 1868562432                                {product} {ergonomic}
   size_t MinHeapDeltaBytes                        = 1048576                                   {product} {ergonomic}
    uintx NonNMethodCodeHeapSize                   = 5835340                                {pd product} {ergonomic}
    uintx NonProfiledCodeHeapSize                  = 122911450                              {pd product} {ergonomic}
    uintx ProfiledCodeHeapSize                     = 122911450                              {pd product} {ergonomic}
    uintx ReservedCodeCacheSize                    = 251658240                              {pd product} {ergonomic}
     bool SegmentedCodeCache                       = true                                      {product} {ergonomic}
     bool UseCompressedClassPointers               = true                                 {lp64_product} {ergonomic}
     bool UseCompressedOops                        = true                                 {lp64_product} {ergonomic}
     bool UseG1GC                                  = true                                      {product} {ergonomic}
     bool UseLargePagesIndividualAllocation        = false                                  {pd product} {ergonomic}

Logging:
Log output configuration:
 #0: stdout all=warning uptime,level,tags
 #1: stderr all=off uptime,level,tags

Environment Variables:
JAVA_HOME=E:\Program Files\Java\jdk-12.0.2
CLASSPATH=.;E:\Program Files\Java\jdk-12.0.2\lib\dt.jar;E:\Program Files\Java\jdk-12.0.2\lib\tools.jar; 
PATH=D:\project_workplace\flask_exam\flask_sign_up\env\Scripts;E:\python37\Scripts\;E:\python37\;C:\Program Files (x86)\NVIDIA Corporation\PhysX\Common;C:\WINDOWS\system32;C:\WINDOWS;C:\WINDOWS\System32\Wbem;C:\WINDOWS\System32\WindowsPowerShell\v1.0\;C:\WINDOWS\System32\OpenSSH\;C:\Program Files\Microsoft SQL Server\Client SDK\ODBC\110\Tools\Binn\;C:\Program Files (x86)\Microsoft SQL Server\120\Tools\Binn\;C:\Program Files\Microsoft SQL Server\120\Tools\Binn\;C:\Program Files\Microsoft SQL Server\120\DTS\Binn\;C:\Program Files (x86)\Windows Kits\8.1\Windows Performance Toolkit\;C:\program1\Python37\Lib\site-packages\pyqt5_tools;D:\project_workplace\testflask\123\sayhello\env\Scripts;D:\sqlite;E:\Program Files\Java\jdk-12.0.2\bin;E:\Program Files\Java\jdk-12.0.2\jre\bin;C:\Python27;C:\Python27\Scripts;E:\nodejs\;E:\nodejs\;E:\nodejs\node_modules;E:\nodejs\node_modules\npm\node_global_modules\;E:\mysql8.0.17\mysql-8.0.17-winx64\bin;D:\mongodb-win32-x86_64-2008plus-ssl-v3.4-latest\mongodb-win32-x86_64-2008plus-ssl-3.4.16-26-g315d49ee78\bin;E:\Program Files\Git\cmd;C:\Users\증yx\Python36\Scripts\;;:\Users\증yx\Python36\;;:\Users\증yx\AppData\Local\Programs\Python\Python36\Scripts\;;:\Users\증yx\AppData\Local\Programs\Python\Python36\;;USERPROFILE%\AppData\Local\Microsoft\WindowsApps;C:\Users\증yx\AppData\Local\Programs\Microsoft VS Code\bin;;PyCharm Community Edition%;E:\Program Files\JetBrains\PyCharm 2019.2\bin;;D:\Program Files\JetBrains\IntelliJ IDEA Community Edition 2019.2.3\bin;;C:\Users\증yx\AppData\Roaming\npm;;:\Program Files\Docker Toolbox;E:\Program Files\Docker Toolbox
USERNAME=증yx
OS=Windows_NT
PROCESSOR_IDENTIFIER=AMD64 Family 23 Model 17 Stepping 0, AuthenticAMD



---------------  S Y S T E M  ---------------

OS: Windows 10 , 64 bit Build 17134 (10.0.17134.753)

CPU:total 8 (initial active 8) (8 cores per cpu, 2 threads per core) family 23 model 17 stepping 0, cmov, cx8, fxsr, mmx, sse, sse2, sse3, ssse3, sse4.1, sse4.2, popcnt, avx, avx2, aes, clmul, mmxext, 3dnowpref, lzcnt, sse4a, ht, tsc, tscinvbit, tscinv, bmi1, bmi2, adx, sha, fma

Memory: 4k page, system-wide physical 7123M (1004M free)
TotalPageFile size 14583M (AvailPageFile size 108M)
current process WorkingSet (physical memory assigned to process): 9M, peak: 9M
current process commit charge ("private bytes"): 60M, peak: 171M

vm_info: OpenJDK 64-Bit Server VM (11.0.4+10-b304.69) for windows-amd64 JRE (11.0.4+10-b304.69), built on Sep  9 2019 11:39:50 by "" with MS VC++ 14.0 (VS2015)

END.
